[INFO] Scanning for projects...
[WARNING] 
[WARNING] Some problems were encountered while building the effective model for com.paypal.gimel:gimel-logger:jar:1.2.0-SNAPSHOT
[WARNING] 'build.plugins.plugin.version' for org.apache.maven.plugins:maven-compiler-plugin is missing. @ com.paypal.gimel:gimel-dataapi:1.2.0-SNAPSHOT, /Users/lapatil/oss/gimel/gimel-dataapi/pom.xml, line 163, column 21
[WARNING] 'build.plugins.plugin.version' for org.apache.maven.plugins:maven-surefire-plugin is missing. @ com.paypal.gimel:gimel-dataapi:1.2.0-SNAPSHOT, /Users/lapatil/oss/gimel/gimel-dataapi/pom.xml, line 140, column 21
[WARNING] 'build.plugins.plugin.version' for org.apache.avro:avro-maven-plugin is missing. @ com.paypal.gimel:gimel-dataapi:1.2.0-SNAPSHOT, /Users/lapatil/oss/gimel/gimel-dataapi/pom.xml, line 132, column 21
[WARNING] 
[WARNING] Some problems were encountered while building the effective model for com.paypal.gimel:gimel-common:jar:1.2.0-SNAPSHOT
[WARNING] 'build.plugins.plugin.version' for org.apache.maven.plugins:maven-compiler-plugin is missing. @ com.paypal.gimel:gimel-dataapi:1.2.0-SNAPSHOT, /Users/lapatil/oss/gimel/gimel-dataapi/pom.xml, line 163, column 21
[WARNING] 'build.plugins.plugin.version' for org.apache.maven.plugins:maven-surefire-plugin is missing. @ com.paypal.gimel:gimel-dataapi:1.2.0-SNAPSHOT, /Users/lapatil/oss/gimel/gimel-dataapi/pom.xml, line 140, column 21
[WARNING] 'build.plugins.plugin.version' for org.apache.avro:avro-maven-plugin is missing. @ com.paypal.gimel:gimel-dataapi:1.2.0-SNAPSHOT, /Users/lapatil/oss/gimel/gimel-dataapi/pom.xml, line 132, column 21
[WARNING] 
[WARNING] Some problems were encountered while building the effective model for com.paypal.gimel:gimel-sftp:jar:1.2.0-SNAPSHOT
[WARNING] 'build.plugins.plugin.version' for org.apache.maven.plugins:maven-compiler-plugin is missing. @ com.paypal.gimel:gimel-dataapi:1.2.0-SNAPSHOT, /Users/lapatil/oss/gimel/gimel-dataapi/pom.xml, line 163, column 21
[WARNING] 'build.plugins.plugin.version' for org.apache.maven.plugins:maven-surefire-plugin is missing. @ com.paypal.gimel:gimel-dataapi:1.2.0-SNAPSHOT, /Users/lapatil/oss/gimel/gimel-dataapi/pom.xml, line 140, column 21
[WARNING] 'build.plugins.plugin.version' for org.apache.avro:avro-maven-plugin is missing. @ com.paypal.gimel:gimel-dataapi:1.2.0-SNAPSHOT, /Users/lapatil/oss/gimel/gimel-dataapi/pom.xml, line 132, column 21
[WARNING] 
[WARNING] Some problems were encountered while building the effective model for com.paypal.gimel:gimel-elasticsearch-5.6:jar:1.2.0-SNAPSHOT
[WARNING] 'build.plugins.plugin.version' for org.apache.maven.plugins:maven-compiler-plugin is missing. @ com.paypal.gimel:gimel-dataapi:1.2.0-SNAPSHOT, /Users/lapatil/oss/gimel/gimel-dataapi/pom.xml, line 163, column 21
[WARNING] 'build.plugins.plugin.version' for org.apache.maven.plugins:maven-surefire-plugin is missing. @ com.paypal.gimel:gimel-dataapi:1.2.0-SNAPSHOT, /Users/lapatil/oss/gimel/gimel-dataapi/pom.xml, line 140, column 21
[WARNING] 'build.plugins.plugin.version' for org.apache.avro:avro-maven-plugin is missing. @ com.paypal.gimel:gimel-dataapi:1.2.0-SNAPSHOT, /Users/lapatil/oss/gimel/gimel-dataapi/pom.xml, line 132, column 21
[WARNING] 
[WARNING] Some problems were encountered while building the effective model for com.paypal.gimel:gimel-jdbc:jar:1.2.0-SNAPSHOT
[WARNING] 'build.plugins.plugin.version' for org.apache.maven.plugins:maven-compiler-plugin is missing. @ com.paypal.gimel:gimel-dataapi:1.2.0-SNAPSHOT, /Users/lapatil/oss/gimel/gimel-dataapi/pom.xml, line 163, column 21
[WARNING] 'build.plugins.plugin.version' for org.apache.maven.plugins:maven-surefire-plugin is missing. @ com.paypal.gimel:gimel-dataapi:1.2.0-SNAPSHOT, /Users/lapatil/oss/gimel/gimel-dataapi/pom.xml, line 140, column 21
[WARNING] 'build.plugins.plugin.version' for org.apache.avro:avro-maven-plugin is missing. @ com.paypal.gimel:gimel-dataapi:1.2.0-SNAPSHOT, /Users/lapatil/oss/gimel/gimel-dataapi/pom.xml, line 132, column 21
[WARNING] 
[WARNING] Some problems were encountered while building the effective model for com.paypal.gimel:gimel-hive-1.2:jar:1.2.0-SNAPSHOT
[WARNING] 'build.plugins.plugin.version' for org.apache.maven.plugins:maven-compiler-plugin is missing. @ com.paypal.gimel:gimel-dataapi:1.2.0-SNAPSHOT, /Users/lapatil/oss/gimel/gimel-dataapi/pom.xml, line 163, column 21
[WARNING] 'build.plugins.plugin.version' for org.apache.maven.plugins:maven-surefire-plugin is missing. @ com.paypal.gimel:gimel-dataapi:1.2.0-SNAPSHOT, /Users/lapatil/oss/gimel/gimel-dataapi/pom.xml, line 140, column 21
[WARNING] 'build.plugins.plugin.version' for org.apache.avro:avro-maven-plugin is missing. @ com.paypal.gimel:gimel-dataapi:1.2.0-SNAPSHOT, /Users/lapatil/oss/gimel/gimel-dataapi/pom.xml, line 132, column 21
[WARNING] 
[WARNING] Some problems were encountered while building the effective model for com.paypal.gimel:gimel-hbase-1.2:jar:1.2.0-SNAPSHOT
[WARNING] 'build.plugins.plugin.version' for org.apache.maven.plugins:maven-compiler-plugin is missing. @ com.paypal.gimel:gimel-dataapi:1.2.0-SNAPSHOT, /Users/lapatil/oss/gimel/gimel-dataapi/pom.xml, line 163, column 21
[WARNING] 'build.plugins.plugin.version' for org.apache.maven.plugins:maven-surefire-plugin is missing. @ com.paypal.gimel:gimel-dataapi:1.2.0-SNAPSHOT, /Users/lapatil/oss/gimel/gimel-dataapi/pom.xml, line 140, column 21
[WARNING] 'build.plugins.plugin.version' for org.apache.avro:avro-maven-plugin is missing. @ com.paypal.gimel:gimel-dataapi:1.2.0-SNAPSHOT, /Users/lapatil/oss/gimel/gimel-dataapi/pom.xml, line 132, column 21
[WARNING] 
[WARNING] Some problems were encountered while building the effective model for com.paypal.gimel:gimel-cassandra-2.0:jar:1.2.0-SNAPSHOT
[WARNING] 'build.plugins.plugin.version' for org.apache.maven.plugins:maven-compiler-plugin is missing. @ com.paypal.gimel:gimel-dataapi:1.2.0-SNAPSHOT, /Users/lapatil/oss/gimel/gimel-dataapi/pom.xml, line 163, column 21
[WARNING] 'build.plugins.plugin.version' for org.apache.maven.plugins:maven-surefire-plugin is missing. @ com.paypal.gimel:gimel-dataapi:1.2.0-SNAPSHOT, /Users/lapatil/oss/gimel/gimel-dataapi/pom.xml, line 140, column 21
[WARNING] 'build.plugins.plugin.version' for org.apache.avro:avro-maven-plugin is missing. @ com.paypal.gimel:gimel-dataapi:1.2.0-SNAPSHOT, /Users/lapatil/oss/gimel/gimel-dataapi/pom.xml, line 132, column 21
[WARNING] 
[WARNING] Some problems were encountered while building the effective model for com.paypal.gimel:gimel-aerospike-3.14:jar:1.2.0-SNAPSHOT
[WARNING] 'build.plugins.plugin.version' for org.apache.maven.plugins:maven-compiler-plugin is missing. @ com.paypal.gimel:gimel-dataapi:1.2.0-SNAPSHOT, /Users/lapatil/oss/gimel/gimel-dataapi/pom.xml, line 163, column 21
[WARNING] 'build.plugins.plugin.version' for org.apache.maven.plugins:maven-surefire-plugin is missing. @ com.paypal.gimel:gimel-dataapi:1.2.0-SNAPSHOT, /Users/lapatil/oss/gimel/gimel-dataapi/pom.xml, line 140, column 21
[WARNING] 'build.plugins.plugin.version' for org.apache.avro:avro-maven-plugin is missing. @ com.paypal.gimel:gimel-dataapi:1.2.0-SNAPSHOT, /Users/lapatil/oss/gimel/gimel-dataapi/pom.xml, line 132, column 21
[WARNING] 
[WARNING] Some problems were encountered while building the effective model for com.paypal.gimel:gimel-kafka-0.10:jar:1.2.0-SNAPSHOT
[WARNING] 'build.plugins.plugin.version' for org.apache.maven.plugins:maven-compiler-plugin is missing. @ com.paypal.gimel:gimel-dataapi:1.2.0-SNAPSHOT, /Users/lapatil/oss/gimel/gimel-dataapi/pom.xml, line 163, column 21
[WARNING] 'build.plugins.plugin.version' for org.apache.maven.plugins:maven-surefire-plugin is missing. @ com.paypal.gimel:gimel-dataapi:1.2.0-SNAPSHOT, /Users/lapatil/oss/gimel/gimel-dataapi/pom.xml, line 140, column 21
[WARNING] 'build.plugins.plugin.version' for org.apache.avro:avro-maven-plugin is missing. @ com.paypal.gimel:gimel-dataapi:1.2.0-SNAPSHOT, /Users/lapatil/oss/gimel/gimel-dataapi/pom.xml, line 132, column 21
[WARNING] 
[WARNING] Some problems were encountered while building the effective model for com.paypal.gimel:gimel-druid-0.82:jar:1.2.0-SNAPSHOT
[WARNING] 'build.plugins.plugin.version' for org.apache.maven.plugins:maven-compiler-plugin is missing. @ com.paypal.gimel:gimel-dataapi:1.2.0-SNAPSHOT, /Users/lapatil/oss/gimel/gimel-dataapi/pom.xml, line 163, column 21
[WARNING] 'build.plugins.plugin.version' for org.apache.maven.plugins:maven-surefire-plugin is missing. @ com.paypal.gimel:gimel-dataapi:1.2.0-SNAPSHOT, /Users/lapatil/oss/gimel/gimel-dataapi/pom.xml, line 140, column 21
[WARNING] 'build.plugins.plugin.version' for org.apache.avro:avro-maven-plugin is missing. @ com.paypal.gimel:gimel-dataapi:1.2.0-SNAPSHOT, /Users/lapatil/oss/gimel/gimel-dataapi/pom.xml, line 132, column 21
[WARNING] 
[WARNING] Some problems were encountered while building the effective model for com.paypal.gimel:gimel-restapi:jar:1.2.0-SNAPSHOT
[WARNING] 'build.plugins.plugin.version' for org.apache.maven.plugins:maven-compiler-plugin is missing. @ com.paypal.gimel:gimel-dataapi:1.2.0-SNAPSHOT, /Users/lapatil/oss/gimel/gimel-dataapi/pom.xml, line 163, column 21
[WARNING] 'build.plugins.plugin.version' for org.apache.maven.plugins:maven-surefire-plugin is missing. @ com.paypal.gimel:gimel-dataapi:1.2.0-SNAPSHOT, /Users/lapatil/oss/gimel/gimel-dataapi/pom.xml, line 140, column 21
[WARNING] 'build.plugins.plugin.version' for org.apache.avro:avro-maven-plugin is missing. @ com.paypal.gimel:gimel-dataapi:1.2.0-SNAPSHOT, /Users/lapatil/oss/gimel/gimel-dataapi/pom.xml, line 132, column 21
[WARNING] 
[WARNING] Some problems were encountered while building the effective model for com.paypal.gimel:gimel-core:jar:1.2.0-SNAPSHOT
[WARNING] 'build.plugins.plugin.version' for org.apache.maven.plugins:maven-compiler-plugin is missing. @ com.paypal.gimel:gimel-dataapi:1.2.0-SNAPSHOT, /Users/lapatil/oss/gimel/gimel-dataapi/pom.xml, line 163, column 21
[WARNING] 'build.plugins.plugin.version' for org.apache.maven.plugins:maven-surefire-plugin is missing. @ com.paypal.gimel:gimel-dataapi:1.2.0-SNAPSHOT, /Users/lapatil/oss/gimel/gimel-dataapi/pom.xml, line 140, column 21
[WARNING] 'build.plugins.plugin.version' for org.apache.avro:avro-maven-plugin is missing. @ line 226, column 15
[WARNING] 
[WARNING] Some problems were encountered while building the effective model for com.paypal.gimel:gimel-sql:jar:1.2.0-SNAPSHOT
[WARNING] 'build.plugins.plugin.version' for org.apache.maven.plugins:maven-compiler-plugin is missing. @ com.paypal.gimel:gimel-dataapi:1.2.0-SNAPSHOT, /Users/lapatil/oss/gimel/gimel-dataapi/pom.xml, line 163, column 21
[WARNING] 'build.plugins.plugin.version' for org.apache.maven.plugins:maven-surefire-plugin is missing. @ com.paypal.gimel:gimel-dataapi:1.2.0-SNAPSHOT, /Users/lapatil/oss/gimel/gimel-dataapi/pom.xml, line 140, column 21
[WARNING] 'build.plugins.plugin.version' for org.apache.avro:avro-maven-plugin is missing. @ com.paypal.gimel:gimel-dataapi:1.2.0-SNAPSHOT, /Users/lapatil/oss/gimel/gimel-dataapi/pom.xml, line 132, column 21
[WARNING] 
[WARNING] Some problems were encountered while building the effective model for com.paypal.gimel:gimel-tools:jar:1.2.0-SNAPSHOT
[WARNING] 'build.plugins.plugin.version' for org.apache.maven.plugins:maven-compiler-plugin is missing. @ com.paypal.gimel:gimel-dataapi:1.2.0-SNAPSHOT, /Users/lapatil/oss/gimel/gimel-dataapi/pom.xml, line 163, column 21
[WARNING] 'build.plugins.plugin.version' for org.apache.maven.plugins:maven-surefire-plugin is missing. @ com.paypal.gimel:gimel-dataapi:1.2.0-SNAPSHOT, /Users/lapatil/oss/gimel/gimel-dataapi/pom.xml, line 140, column 21
[WARNING] 'build.plugins.plugin.version' for org.apache.avro:avro-maven-plugin is missing. @ com.paypal.gimel:gimel-dataapi:1.2.0-SNAPSHOT, /Users/lapatil/oss/gimel/gimel-dataapi/pom.xml, line 132, column 21
[WARNING] 
[WARNING] Some problems were encountered while building the effective model for com.paypal.gimel:gimel-testsuite:jar:1.2.0-SNAPSHOT
[WARNING] 'build.plugins.plugin.version' for org.apache.maven.plugins:maven-compiler-plugin is missing. @ com.paypal.gimel:gimel-dataapi:1.2.0-SNAPSHOT, /Users/lapatil/oss/gimel/gimel-dataapi/pom.xml, line 163, column 21
[WARNING] 'build.plugins.plugin.version' for org.apache.maven.plugins:maven-surefire-plugin is missing. @ com.paypal.gimel:gimel-dataapi:1.2.0-SNAPSHOT, /Users/lapatil/oss/gimel/gimel-dataapi/pom.xml, line 140, column 21
[WARNING] 'build.plugins.plugin.version' for org.apache.avro:avro-maven-plugin is missing. @ com.paypal.gimel:gimel-dataapi:1.2.0-SNAPSHOT, /Users/lapatil/oss/gimel/gimel-dataapi/pom.xml, line 132, column 21
[WARNING] 
[WARNING] Some problems were encountered while building the effective model for com.paypal.gimel:gimel-examples:jar:1.2.0-SNAPSHOT
[WARNING] 'build.plugins.plugin.version' for org.apache.maven.plugins:maven-compiler-plugin is missing. @ com.paypal.gimel:gimel-dataapi:1.2.0-SNAPSHOT, /Users/lapatil/oss/gimel/gimel-dataapi/pom.xml, line 163, column 21
[WARNING] 'build.plugins.plugin.version' for org.apache.maven.plugins:maven-surefire-plugin is missing. @ com.paypal.gimel:gimel-dataapi:1.2.0-SNAPSHOT, /Users/lapatil/oss/gimel/gimel-dataapi/pom.xml, line 140, column 21
[WARNING] 'build.plugins.plugin.version' for org.apache.avro:avro-maven-plugin is missing. @ com.paypal.gimel:gimel-dataapi:1.2.0-SNAPSHOT, /Users/lapatil/oss/gimel/gimel-dataapi/pom.xml, line 132, column 21
[WARNING] 
[WARNING] Some problems were encountered while building the effective model for com.paypal.gimel:gimel-benchmarksuite:jar:1.2.0-SNAPSHOT
[WARNING] 'build.plugins.plugin.version' for org.apache.maven.plugins:maven-compiler-plugin is missing. @ com.paypal.gimel:gimel-dataapi:1.2.0-SNAPSHOT, /Users/lapatil/oss/gimel/gimel-dataapi/pom.xml, line 163, column 21
[WARNING] 'build.plugins.plugin.version' for org.apache.maven.plugins:maven-surefire-plugin is missing. @ com.paypal.gimel:gimel-dataapi:1.2.0-SNAPSHOT, /Users/lapatil/oss/gimel/gimel-dataapi/pom.xml, line 140, column 21
[WARNING] 'build.plugins.plugin.version' for org.apache.avro:avro-maven-plugin is missing. @ com.paypal.gimel:gimel-dataapi:1.2.0-SNAPSHOT, /Users/lapatil/oss/gimel/gimel-dataapi/pom.xml, line 132, column 21
[WARNING] 
[WARNING] Some problems were encountered while building the effective model for com.paypal.gimel:gimel-dataapi:pom:1.2.0-SNAPSHOT
[WARNING] 'build.plugins.plugin.version' for org.apache.maven.plugins:maven-compiler-plugin is missing. @ line 163, column 21
[WARNING] 'build.plugins.plugin.version' for org.apache.maven.plugins:maven-surefire-plugin is missing. @ line 140, column 21
[WARNING] 'build.plugins.plugin.version' for org.apache.avro:avro-maven-plugin is missing. @ line 132, column 21
[WARNING] 
[WARNING] Some problems were encountered while building the effective model for com.paypal.gimel:gimel:pom:1.2.0-SNAPSHOT
[WARNING] 'build.plugins.plugin.version' for org.apache.maven.plugins:maven-compiler-plugin is missing. @ line 195, column 21
[WARNING] 
[WARNING] It is highly recommended to fix these problems because they threaten the stability of your build.
[WARNING] 
[WARNING] For this reason, future Maven versions might no longer support building such malformed projects.
[WARNING] 
[INFO] ------------------------------------------------------------------------
[INFO] Reactor Build Order:
[INFO] 
[INFO] Gimel Data API
[INFO] gimel-logging
[INFO] gimel-logging_2.0
[INFO] gimel-logging_2.2
[INFO] Gimel Data API
[INFO] gimel-logger
[INFO] gimel-common
[INFO] gimel-sftp
[INFO] gimel-elasticsearch-5.6
[INFO] gimel-jdbc
[INFO] gimel-hive-1.2
[INFO] gimel-hbase-1.2
[INFO] gimel-cassandra-2.0
[INFO] gimel-aerospike-3.14
[INFO] gimel-kafka-0.10
[INFO] gimel-druid-0.82
[INFO] gimel-restapi
[INFO] gimel-core
[INFO] gimel-sql
[INFO] gimel-tools
[INFO] gimel-testsuite
[INFO] gimel-examples
[INFO] gimel-benchmarksuite
Downloading: https://repo.maven.apache.org/maven2/org/apache/maven/plugins/maven-metadata.xml
Downloading: https://repo.maven.apache.org/maven2/org/codehaus/mojo/maven-metadata.xml
Progress (1): 2.2/20 kBProgress (2): 2.2/20 kB | 2.2/14 kBProgress (2): 5.0/20 kB | 2.2/14 kBProgress (2): 5.0/20 kB | 5.0/14 kBProgress (2): 7.8/20 kB | 5.0/14 kBProgress (2): 7.8/20 kB | 7.8/14 kBProgress (2): 11/20 kB | 7.8/14 kB Progress (2): 11/20 kB | 11/14 kB Progress (2): 13/20 kB | 11/14 kBProgress (2): 13/20 kB | 13/14 kBProgress (2): 13/20 kB | 14 kB   Progress (2): 16/20 kB | 14 kBProgress (2): 19/20 kB | 14 kBProgress (2): 20 kB | 14 kB                              Downloaded: https://repo.maven.apache.org/maven2/org/codehaus/mojo/maven-metadata.xml (20 kB at 59 kB/s)
Downloaded: https://repo.maven.apache.org/maven2/org/apache/maven/plugins/maven-metadata.xml (14 kB at 39 kB/s)
[INFO] ------------------------------------------------------------------------
[INFO] Reactor Summary:
[INFO] 
[INFO] Gimel Data API ..................................... SKIPPED
[INFO] gimel-logging ...................................... SKIPPED
[INFO] gimel-logging_2.0 .................................. SKIPPED
[INFO] gimel-logging_2.2 .................................. SKIPPED
[INFO] Gimel Data API ..................................... SKIPPED
[INFO] gimel-logger ....................................... SKIPPED
[INFO] gimel-common ....................................... SKIPPED
[INFO] gimel-sftp ......................................... SKIPPED
[INFO] gimel-elasticsearch-5.6 ............................ SKIPPED
[INFO] gimel-jdbc ......................................... SKIPPED
[INFO] gimel-hive-1.2 ..................................... SKIPPED
[INFO] gimel-hbase-1.2 .................................... SKIPPED
[INFO] gimel-cassandra-2.0 ................................ SKIPPED
[INFO] gimel-aerospike-3.14 ............................... SKIPPED
[INFO] gimel-kafka-0.10 ................................... SKIPPED
[INFO] gimel-druid-0.82 ................................... SKIPPED
[INFO] gimel-restapi ...................................... SKIPPED
[INFO] gimel-core ......................................... SKIPPED
[INFO] gimel-sql .......................................... SKIPPED
[INFO] gimel-tools ........................................ SKIPPED
[INFO] gimel-testsuite .................................... SKIPPED
[INFO] gimel-examples ..................................... SKIPPED
[INFO] gimel-benchmarksuite ............................... SKIPPED
[INFO] ------------------------------------------------------------------------
[INFO] BUILD FAILURE
[INFO] ------------------------------------------------------------------------
[INFO] Total time: 1.275 s
[INFO] Finished at: 2018-10-16T15:11:16-07:00
[INFO] Final Memory: 17M/277M
[INFO] ------------------------------------------------------------------------
[ERROR] No plugin found for prefix 'scalastyle' in the current project and in the plugin groups [org.apache.maven.plugins, org.codehaus.mojo] available from the repositories [local (/Users/lapatil/.m2/repository), central (https://repo.maven.apache.org/maven2)] -> [Help 1]
[ERROR] 
[ERROR] To see the full stack trace of the errors, re-run Maven with the -e switch.
[ERROR] Re-run Maven using the -X switch to enable full debug logging.
[ERROR] 
[ERROR] For more information about the errors and possible solutions, please read the following articles:
[ERROR] [Help 1] http://cwiki.apache.org/confluence/display/MAVEN/NoPluginFoundForPrefixException
[INFO] Build failures were ignored.
